c:\openvr-master\samples\build\helloworldoverlay\helloworldoverlay.dir\debug\vc140.pdb
c:\openvr-master\samples\build\helloworldoverlay\helloworldoverlay.dir\debug\moc_compilation.obj
c:\openvr-master\samples\build\helloworldoverlay\helloworldoverlay.dir\debug\overlaywidget.obj
c:\openvr-master\samples\build\helloworldoverlay\helloworldoverlay.dir\debug\openvroverlaycontroller.obj
c:\openvr-master\samples\build\helloworldoverlay\helloworldoverlay.dir\debug\main.obj
c:\openvr-master\samples\build\helloworldoverlay\helloworldoverlay.dir\debug\strtools.obj
c:\openvr-master\samples\build\helloworldoverlay\helloworldoverlay.dir\debug\pathtools.obj
c:\openvr-master\samples\build\helloworldoverlay\helloworldoverlay.dir\debug\lodepng.obj
c:\openvr-master\samples\build\helloworldoverlay\helloworldoverlay.dir\debug\matrices.obj
c:\openvr-master\samples\build\helloworldoverlay\cmakefiles\generate.stamp
c:\openvr-master\samples\bin\win64\helloworldoverlay.ilk
c:\openvr-master\samples\bin\win64\helloworldoverlay.exe
c:\openvr-master\samples\bin\win64\helloworldoverlay.pdb
c:\openvr-master\samples\build\helloworldoverlay\helloworldoverlay.dir\debug\hellowor.db1211e9.tlog\cl.command.1.tlog
c:\openvr-master\samples\build\helloworldoverlay\helloworldoverlay.dir\debug\hellowor.db1211e9.tlog\cl.read.1.tlog
c:\openvr-master\samples\build\helloworldoverlay\helloworldoverlay.dir\debug\hellowor.db1211e9.tlog\cl.write.1.tlog
c:\openvr-master\samples\build\helloworldoverlay\helloworldoverlay.dir\debug\hellowor.db1211e9.tlog\custombuild.command.1.tlog
c:\openvr-master\samples\build\helloworldoverlay\helloworldoverlay.dir\debug\hellowor.db1211e9.tlog\custombuild.read.1.tlog
c:\openvr-master\samples\build\helloworldoverlay\helloworldoverlay.dir\debug\hellowor.db1211e9.tlog\custombuild.write.1.tlog
c:\openvr-master\samples\build\helloworldoverlay\helloworldoverlay.dir\debug\hellowor.db1211e9.tlog\link.command.1.tlog
c:\openvr-master\samples\build\helloworldoverlay\helloworldoverlay.dir\debug\hellowor.db1211e9.tlog\link.read.1.tlog
c:\openvr-master\samples\build\helloworldoverlay\helloworldoverlay.dir\debug\hellowor.db1211e9.tlog\link.write.1.tlog
